<?xml version="1.0" encoding="UTF-8"?>
<!-- Generated by org.testng.reporters.JUnitReportReporter -->
<testsuite hostname="Phuongs-MBP" failures="0" tests="1" name="btvn.Buoi9_2" time="0.463" errors="0" timestamp="2024-01-12T12:10:14 AEDT" skipped="0">
  <testcase classname="btvn.Buoi9_2" name="Testcase" time="0.463"/>
  <system-out/>
</testsuite> <!-- btvn.Buoi9_2 -->
