<?xml version="1.0" encoding="UTF-8"?>
<!-- Generated by org.testng.reporters.JUnitReportReporter -->
<testsuite hostname="Phuongs-MBP" failures="0" tests="1" name="btvn.Buoi9_3" time="0.213" errors="0" timestamp="2024-01-12T12:27:23 AEDT" skipped="0">
  <testcase classname="btvn.Buoi9_3" name="TestcaseTest" time="0.213"/>
  <system-out/>
</testsuite> <!-- btvn.Buoi9_3 -->
