<?xml version="1.0" encoding="UTF-8"?>
<!-- Generated by org.testng.reporters.JUnitReportReporter -->
<testsuite hostname="Phuongs-MBP" failures="0" tests="3" name="test.Day9" time="17.938" errors="0" timestamp="2024-01-08T23:24:10 AEDT" skipped="1">
  <testcase classname="test.Day9" name="clickLastItem" time="4.373"/>
  <system-out/>
  <testcase classname="test.Day9" name="fillData" time="13.565"/>
  <system-out/>
  <testcase classname="test.Day9" name="printElement">
    <skipped/>
  </testcase> <!-- printElement -->
  <system-out/>
</testsuite> <!-- test.Day9 -->
