<?xml version="1.0" encoding="UTF-8"?>
<!-- Generated by org.testng.reporters.JUnitReportReporter -->
<testsuite hostname="Phuongs-MBP" failures="0" tests="3" name="test.Day10" time="12.107" errors="0" timestamp="2024-01-09T01:14:14 AEDT" skipped="2">
  <testcase classname="test.Day10" name="checkWithAndOR" time="12.107"/>
  <system-out/>
  <testcase classname="test.Day10" name="checkWithContains0rStartWith">
    <skipped/>
  </testcase> <!-- checkWithContains0rStartWith -->
  <system-out/>
  <testcase classname="test.Day10" name="checkWithText">
    <skipped/>
  </testcase> <!-- checkWithText -->
  <system-out/>
</testsuite> <!-- test.Day10 -->
