<?xml version="1.0" encoding="UTF-8"?>
<!-- Generated by org.testng.reporters.JUnitReportReporter -->
<testsuite hostname="Phuongs-MBP" failures="0" tests="1" name="btvn.Buoi9" time="7.620" errors="0" timestamp="2024-01-10T23:24:47 AEDT" skipped="0">
  <testcase classname="btvn.Buoi9" name="Testcase1" time="7.620"/>
  <system-out/>
</testsuite> <!-- btvn.Buoi9 -->
