<?xml version="1.0" encoding="UTF-8"?>
<!-- Generated by org.testng.reporters.JUnitReportReporter -->
<testsuite hostname="Phuongs-MBP" failures="0" tests="2" name="test.Day8_Locator" time="11.347" errors="0" timestamp="2024-01-05T23:08:38 AEDT" skipped="1">
  <testcase classname="test.Day8_Locator" name="Testcase2" time="11.347"/>
  <system-out/>
  <testcase classname="test.Day8_Locator" name="Testcase1">
    <skipped/>
  </testcase> <!-- Testcase1 -->
  <system-out/>
</testsuite> <!-- test.Day8_Locator -->
